{
  "stats": {
    "suites": 4,
    "tests": 9,
    "passes": 8,
    "pending": 0,
    "failures": 1,
    "start": "2025-08-29T19:43:50.831Z",
    "end": "2025-08-29T19:45:46.008Z",
    "duration": 115177,
    "testsRegistered": 9,
    "passPercent": 88.88888888888889,
    "pendingPercent": 0,
    "other": 0,
    "hasOther": false,
    "skipped": 0,
    "hasSkipped": false
  },
  "results": [
    {
      "uuid": "9f799321-aee0-4079-91a0-8d091d1f3700",
      "title": "",
      "fullFile": "cypress\\e2e\\way2Automation.spec.js",
      "file": "cypress\\e2e\\way2Automation.spec.js",
      "beforeHooks": [],
      "afterHooks": [],
      "tests": [],
      "suites": [
        {
          "uuid": "66f34544-6a83-499a-bf27-db2025e592ae",
          "title": "Way2Automation Demo Site Testing",
          "fullFile": "",
          "file": "",
          "beforeHooks": [],
          "afterHooks": [],
          "tests": [
            {
              "title": "Should navigate to the way2automation demo web page",
              "fullTitle": "Way2Automation Demo Site Testing Should navigate to the way2automation demo web page",
              "timedOut": null,
              "duration": 8322,
              "state": "passed",
              "speed": "medium",
              "pass": true,
              "fail": false,
              "pending": false,
              "context": null,
              "code": "cy.contains('Test your Selenium / QTP Scripts').should('be.visible');",
              "err": {},
              "uuid": "7e2000ce-c194-4ab6-b67d-83cfbd849a22",
              "parentUUID": "66f34544-6a83-499a-bf27-db2025e592ae",
              "isHook": false,
              "skipped": false
            },
            {
              "title": "Should extract and list action names by category",
              "fullTitle": "Way2Automation Demo Site Testing Should extract and list action names by category",
              "timedOut": null,
              "duration": 908,
              "state": "passed",
              "speed": "fast",
              "pass": true,
              "fail": false,
              "pending": false,
              "context": null,
              "code": "const categories = {};\n(0, _LandingPage.actionCategories)().each($section => {\n  const categoryName = $section.find('h1').text().trim().toLowerCase();\n  const actions = [];\n  cy.wrap($section).find('ul li a').each($action => {\n    actions.push($action.text().trim().toLowerCase());\n  }).then(() => {\n    categories[categoryName] = actions;\n  });\n}).then(() => {\n  // Save to cypress/fixtures/actionNames.json\n  cy.writeFile('cypress/fixtures/actionNames.json', categories, {\n    flag: 'w'\n  }); // Log of categories\n  cy.log(JSON.stringify(categories, null, 2));\n});",
              "err": {},
              "uuid": "2028b5bb-89f9-4c8e-bdc2-ae74ce0b79e1",
              "parentUUID": "66f34544-6a83-499a-bf27-db2025e592ae",
              "isHook": false,
              "skipped": false
            },
            {
              "title": "Should retrieve target URL for [Submit Button Clicked]",
              "fullTitle": "Way2Automation Demo Site Testing Should retrieve target URL for [Submit Button Clicked]",
              "timedOut": null,
              "duration": 11124,
              "state": "passed",
              "speed": "slow",
              "pass": true,
              "fail": false,
              "pending": false,
              "context": null,
              "code": "_LandingPage.dynamicComponents.submitBtn().should('exist').should('have.attr', 'href').then(href => {\n  const targetUrl = href; // URL retrieved in [Submit Button Clicked] event within \"Dynamic Elements\" category\n  cy.log('Target URL:', targetUrl); // Visit the target URL\n  cy.visit(targetUrl, () => {\n    cy.assertBtnVisibility(_LifetimeMembership.LifetimeMember.regiForm); // Click the [EXPLORE LIFETIME MEMBERSHIP LINK] event\n    cy.clickVisibleElement(_LifetimeMembership.LifetimeMember.exploreBtn);\n  });\n});",
              "err": {},
              "uuid": "3aab382f-fbef-4b37-83a0-43e7694fdf59",
              "parentUUID": "66f34544-6a83-499a-bf27-db2025e592ae",
              "isHook": false,
              "skipped": false
            }
          ],
          "suites": [],
          "passes": [
            "7e2000ce-c194-4ab6-b67d-83cfbd849a22",
            "2028b5bb-89f9-4c8e-bdc2-ae74ce0b79e1",
            "3aab382f-fbef-4b37-83a0-43e7694fdf59"
          ],
          "failures": [],
          "pending": [],
          "skipped": [],
          "duration": 20354,
          "root": false,
          "rootEmpty": false,
          "_timeout": 2000
        },
        {
          "uuid": "2950ab06-2edf-42d4-bc5e-4052fd388c26",
          "title": "Lifetime Membership Registration",
          "fullFile": "",
          "file": "",
          "beforeHooks": [],
          "afterHooks": [],
          "tests": [
            {
              "title": "Should fill out the registration form by using an email from getnada.com",
              "fullTitle": "Lifetime Membership Registration Should fill out the registration form by using an email from getnada.com",
              "timedOut": null,
              "duration": 19216,
              "state": "passed",
              "speed": "slow",
              "pass": true,
              "fail": false,
              "pending": false,
              "context": null,
              "code": "(0, _common.visitGetnada)();\ncy.forceClickVisibleBtn(_InboxPage.getnada.getInboxBtn);\ncy.clickVisibleElement(_InboxPage.getnada.getChooseForMeBtn);\ncy.wait(4000);\ncy.assertBtnVisibility(_InboxPage.getnada.getTempEmail);\n_InboxPage.getnada.getTempEmail().invoke('text').then(emailText => {\n  const tempEmail = emailText.trim();\n  cy.log(`Used Getnada email: ${tempEmail}`);\n  cy.fixture('registrationTestData').then(data => {\n    cy.visit('/way2auto_jquery/index.php');\n    cy.clickVisibleElement(_RegistrationPage.RegistrationPage.regiForm);\n    (0, _registrationForm.fillRegiForm)(data, tempEmail);\n  });\n});",
              "err": {},
              "uuid": "d4dfea3f-48d7-4c89-bdd8-fdff5b00ccb9",
              "parentUUID": "2950ab06-2edf-42d4-bc5e-4052fd388c26",
              "isHook": false,
              "skipped": false
            }
          ],
          "suites": [],
          "passes": [
            "d4dfea3f-48d7-4c89-bdd8-fdff5b00ccb9"
          ],
          "failures": [],
          "pending": [],
          "skipped": [],
          "duration": 19216,
          "root": false,
          "rootEmpty": false,
          "_timeout": 2000
        },
        {
          "uuid": "df201221-c4eb-49c3-90ef-cd4be12b5916",
          "title": "Lifetime Membership Course Flow",
          "fullFile": "",
          "file": "",
          "beforeHooks": [],
          "afterHooks": [],
          "tests": [
            {
              "title": "Should display \"30+ Courses video library FREE ACCESS\"",
              "fullTitle": "Lifetime Membership Course Flow Should display \"30+ Courses video library FREE ACCESS\"",
              "timedOut": null,
              "duration": 4787,
              "state": "passed",
              "speed": "fast",
              "pass": true,
              "fail": false,
              "pending": false,
              "context": null,
              "code": "cy.get('h2', {\n  timeout: 10000\n}).contains('30+ Courses video library FREE ACCESS').scrollIntoView().should('be.visible');\n_LifetimeMembership.LifetimeMember.slider().should('be.visible');",
              "err": {},
              "uuid": "38da3b8c-9ea8-4442-8ff6-ba545e94115d",
              "parentUUID": "df201221-c4eb-49c3-90ef-cd4be12b5916",
              "isHook": false,
              "skipped": false
            },
            {
              "title": "Should navigate to Automation Architect course",
              "fullTitle": "Lifetime Membership Course Flow Should navigate to Automation Architect course",
              "timedOut": null,
              "duration": 3528,
              "state": "failed",
              "speed": null,
              "pass": false,
              "fail": true,
              "pending": false,
              "context": null,
              "code": "(0, _Slider.clickUntilVisible)(\"Automation Architect Selenium with 7 live projects\"); // Click Get started [button]\n(0, _Slider.clickGetStarted)(); // Verify URL\ncy.fixture('url').then(url => {\n  cy.verifyUrl(url.seleniumTutorial);\n});",
              "err": {
                "message": "TypeError: The following error originated from your application code, not from Cypress. It was caused by an unhandled promise rejection.\n\n  > Cannot read properties of null (reading 'postMessage')\n\nWhen Cypress detects uncaught errors originating from your application it will automatically fail the current test.\n\nThis behavior is configurable, and you can choose to turn this off by listening to the `uncaught:exception` event.\n\nhttps://on.cypress.io/uncaught-exception-from-application\n\nBecause this error occurred during a `after each` hook we are skipping the remaining tests in the current suite: `Lifetime Membership Course ...`",
                "estack": "TypeError: The following error originated from your application code, not from Cypress. It was caused by an unhandled promise rejection.\n\n  > Cannot read properties of null (reading 'postMessage')\n\nWhen Cypress detects uncaught errors originating from your application it will automatically fail the current test.\n\nThis behavior is configurable, and you can choose to turn this off by listening to the `uncaught:exception` event.\n\nhttps://on.cypress.io/uncaught-exception-from-application\n\nBecause this error occurred during a `after each` hook we are skipping the remaining tests in the current suite: `Lifetime Membership Course ...`\n    at PrimaryOriginCommunicator.toSource (https://www.way2automation.com/__cypress/runner/cypress_runner.js:132919:12)\n    at PrimaryOriginCommunicator.<anonymous> (https://www.way2automation.com/__/assets/index.42de2a00.js:106493:43)",
                "diff": null
              },
              "uuid": "a8d353f8-6f26-4b28-80d1-a4887d869682",
              "parentUUID": "df201221-c4eb-49c3-90ef-cd4be12b5916",
              "isHook": false,
              "skipped": false
            }
          ],
          "suites": [],
          "passes": [
            "38da3b8c-9ea8-4442-8ff6-ba545e94115d"
          ],
          "failures": [
            "a8d353f8-6f26-4b28-80d1-a4887d869682"
          ],
          "pending": [],
          "skipped": [],
          "duration": 8315,
          "root": false,
          "rootEmpty": false,
          "_timeout": 2000
        },
        {
          "uuid": "e463dfe0-0b48-47b8-a2e4-c0caefeeff0f",
          "title": "Automation Architecture Selenium page test flow",
          "fullFile": "",
          "file": "",
          "beforeHooks": [],
          "afterHooks": [],
          "tests": [
            {
              "title": "Should find the course \"CucumberParallelWithPageObjects - Project Code\" and click [Start]",
              "fullTitle": "Automation Architecture Selenium page test flow Should find the course \"CucumberParallelWithPageObjects - Project Code\" and click [Start]",
              "timedOut": null,
              "duration": 5738,
              "state": "passed",
              "speed": "medium",
              "pass": true,
              "fail": false,
              "pending": false,
              "context": null,
              "code": "_SeleniumPage.Selenium.course().should('exist');\ncy.fixture('selenium').then(data => {\n  const cucumberCourse = data.course[0].cucumber;\n  cy.log(`Looking for course: ${cucumberCourse}`);\n  (0, _selenium.searchCourse)(cucumberCourse).then(location => {\n    (0, _selenium.clickStartButton)(cucumberCourse, location);\n  }); // Wait for page to Load. Asserting the lecture heading to make sure it loads the right page\n  _SeleniumPage.Cucumber.lectureHeading(cucumberCourse).should('be.visible');\n});",
              "err": {},
              "uuid": "992e3405-b5bb-4edf-82b4-828d3334c382",
              "parentUUID": "e463dfe0-0b48-47b8-a2e4-c0caefeeff0f",
              "isHook": false,
              "skipped": false
            },
            {
              "title": "Should allow payment selection",
              "fullTitle": "Automation Architecture Selenium page test flow Should allow payment selection",
              "timedOut": null,
              "duration": 1762,
              "state": "passed",
              "speed": "fast",
              "pass": true,
              "fail": false,
              "pending": false,
              "context": null,
              "code": "(0, _selenium.selectPayment)('USD');",
              "err": {},
              "uuid": "7448e716-fafc-41bb-a5a8-a182f14ca495",
              "parentUUID": "e463dfe0-0b48-47b8-a2e4-c0caefeeff0f",
              "isHook": false,
              "skipped": false
            },
            {
              "title": "Should enroll in the course",
              "fullTitle": "Automation Architecture Selenium page test flow Should enroll in the course",
              "timedOut": null,
              "duration": 2219,
              "state": "passed",
              "speed": "fast",
              "pass": true,
              "fail": false,
              "pending": false,
              "context": null,
              "code": "(0, _selenium.clickEnrollButton)();",
              "err": {},
              "uuid": "fd84055b-424f-4727-87ff-64eca69be500",
              "parentUUID": "e463dfe0-0b48-47b8-a2e4-c0caefeeff0f",
              "isHook": false,
              "skipped": false
            }
          ],
          "suites": [],
          "passes": [
            "992e3405-b5bb-4edf-82b4-828d3334c382",
            "7448e716-fafc-41bb-a5a8-a182f14ca495",
            "fd84055b-424f-4727-87ff-64eca69be500"
          ],
          "failures": [],
          "pending": [],
          "skipped": [],
          "duration": 9719,
          "root": false,
          "rootEmpty": false,
          "_timeout": 2000
        }
      ],
      "passes": [],
      "failures": [],
      "pending": [],
      "skipped": [],
      "duration": 0,
      "root": true,
      "rootEmpty": true,
      "_timeout": 2000
    }
  ],
  "meta": {
    "mocha": {
      "version": "7.0.1"
    },
    "mochawesome": {
      "options": {
        "quiet": false,
        "reportFilename": "mochawesome",
        "saveHtml": true,
        "saveJson": true,
        "consoleReporter": "spec",
        "useInlineDiffs": false,
        "code": true
      },
      "version": "7.1.3"
    },
    "marge": {
      "options": {
        "reportDir": "cypress/reports",
        "overwrite": false,
        "html": true,
        "json": true
      },
      "version": "6.2.0"
    }
  }
}