{
  "stats": {
    "suites": 4,
    "tests": 6,
    "passes": 4,
    "pending": 0,
    "failures": 2,
    "start": "2025-08-29T19:54:56.969Z",
    "end": "2025-08-29T19:56:34.992Z",
    "duration": 98023,
    "testsRegistered": 9,
    "passPercent": 44.44444444444444,
    "pendingPercent": 0,
    "other": 0,
    "hasOther": false,
    "skipped": 3,
    "hasSkipped": true
  },
  "results": [
    {
      "uuid": "451c1390-6cb0-4f26-b0d0-ef0a8d0b0171",
      "title": "",
      "fullFile": "cypress\\e2e\\way2Automation.spec.js",
      "file": "cypress\\e2e\\way2Automation.spec.js",
      "beforeHooks": [],
      "afterHooks": [],
      "tests": [],
      "suites": [
        {
          "uuid": "4d124f20-5161-4cc6-8ee1-1eebfd942f5e",
          "title": "Way2Automation Tests",
          "fullFile": "",
          "file": "",
          "beforeHooks": [],
          "afterHooks": [],
          "tests": [],
          "suites": [
            {
              "uuid": "1c25bc5f-4bbf-406b-b6d1-c980658b1b54",
              "title": "Demo Site Testing",
              "fullFile": "",
              "file": "",
              "beforeHooks": [],
              "afterHooks": [],
              "tests": [
                {
                  "title": "Should navigate to the way2automation demo web page",
                  "fullTitle": "Way2Automation Tests Demo Site Testing Should navigate to the way2automation demo web page",
                  "timedOut": null,
                  "duration": 8382,
                  "state": "passed",
                  "speed": "medium",
                  "pass": true,
                  "fail": false,
                  "pending": false,
                  "context": null,
                  "code": "cy.contains('Test your Selenium / QTP Scripts').should('be.visible');",
                  "err": {},
                  "uuid": "39cd748c-9b53-42a0-be48-bf609969c228",
                  "parentUUID": "1c25bc5f-4bbf-406b-b6d1-c980658b1b54",
                  "isHook": false,
                  "skipped": false
                },
                {
                  "title": "Should extract and list action names by category",
                  "fullTitle": "Way2Automation Tests Demo Site Testing Should extract and list action names by category",
                  "timedOut": null,
                  "duration": 944,
                  "state": "passed",
                  "speed": "fast",
                  "pass": true,
                  "fail": false,
                  "pending": false,
                  "context": null,
                  "code": "const categories = {};\n(0, _LandingPage.actionCategories)().each($section => {\n  const categoryName = $section.find('h1').text().trim().toLowerCase();\n  const actions = [];\n  cy.wrap($section).find('ul li a').each($action => {\n    actions.push($action.text().trim().toLowerCase());\n  }).then(() => {\n    categories[categoryName] = actions;\n  });\n}).then(() => {\n  cy.writeFile('cypress/fixtures/actionNames.json', categories, {\n    flag: 'w'\n  });\n  cy.log(JSON.stringify(categories, null, 2));\n});",
                  "err": {},
                  "uuid": "9173f0ab-ecfe-48dc-bbac-226ac248a948",
                  "parentUUID": "1c25bc5f-4bbf-406b-b6d1-c980658b1b54",
                  "isHook": false,
                  "skipped": false
                },
                {
                  "title": "Should retrieve target URL for [Submit Button Clicked]",
                  "fullTitle": "Way2Automation Tests Demo Site Testing Should retrieve target URL for [Submit Button Clicked]",
                  "timedOut": null,
                  "duration": 12054,
                  "state": "failed",
                  "speed": null,
                  "pass": false,
                  "fail": true,
                  "pending": false,
                  "context": null,
                  "code": "_LandingPage.dynamicComponents.submitBtn().should('exist').should('have.attr', 'href').then(href => {\n  cy.visit(href);\n  cy.assertBtnVisibility(_LifetimeMembership.LifetimeMember.regiForm);\n  cy.clickVisibleElement(_LifetimeMembership.LifetimeMember.exploreBtn);\n});",
                  "err": {
                    "message": "TypeError: elementFn is not a function",
                    "estack": "TypeError: elementFn is not a function\n    at Context.eval (webpack:///./cypress/support/commands.js:43:4)",
                    "diff": null
                  },
                  "uuid": "766a6b94-4527-4588-b520-3f41d7b776ae",
                  "parentUUID": "1c25bc5f-4bbf-406b-b6d1-c980658b1b54",
                  "isHook": false,
                  "skipped": false
                }
              ],
              "suites": [],
              "passes": [
                "39cd748c-9b53-42a0-be48-bf609969c228",
                "9173f0ab-ecfe-48dc-bbac-226ac248a948"
              ],
              "failures": [
                "766a6b94-4527-4588-b520-3f41d7b776ae"
              ],
              "pending": [],
              "skipped": [],
              "duration": 21380,
              "root": false,
              "rootEmpty": false,
              "_timeout": 2000
            },
            {
              "uuid": "eb737efb-34b4-4dd3-8442-8f09841bd616",
              "title": "Lifetime Membership Registration",
              "fullFile": "",
              "file": "",
              "beforeHooks": [],
              "afterHooks": [],
              "tests": [
                {
                  "title": "Should fill out the registration form by using an email from getnada.com",
                  "fullTitle": "Way2Automation Tests Lifetime Membership Registration Should fill out the registration form by using an email from getnada.com",
                  "timedOut": null,
                  "duration": 20051,
                  "state": "passed",
                  "speed": "slow",
                  "pass": true,
                  "fail": false,
                  "pending": false,
                  "context": null,
                  "code": "(0, _common.visitGetnada)();\ncy.forceClickVisibleBtn(_InboxPage.getnada.getInboxBtn);\ncy.clickVisibleElement(_InboxPage.getnada.getChooseForMeBtn);\ncy.wait(4000);\n_InboxPage.getnada.getTempEmail().invoke('text').then(emailText => {\n  const tempEmail = emailText.trim();\n  cy.log(`Used Getnada email: ${tempEmail}`);\n  cy.fixture('registrationTestData').then(data => {\n    cy.visit('/way2auto_jquery/index.php');\n    cy.clickVisibleElement(_RegistrationPage.RegistrationPage.regiForm);\n    (0, _registrationForm.fillRegiForm)(data, tempEmail);\n  });\n});",
                  "err": {},
                  "uuid": "e3dda08a-a4d0-4ccc-a6c2-cf5aee189eb7",
                  "parentUUID": "eb737efb-34b4-4dd3-8442-8f09841bd616",
                  "isHook": false,
                  "skipped": false
                }
              ],
              "suites": [],
              "passes": [
                "e3dda08a-a4d0-4ccc-a6c2-cf5aee189eb7"
              ],
              "failures": [],
              "pending": [],
              "skipped": [],
              "duration": 20051,
              "root": false,
              "rootEmpty": false,
              "_timeout": 2000
            },
            {
              "uuid": "1158eb52-9833-4c01-ad7b-b202ad7adf80",
              "title": "Lifetime Membership Course Flow",
              "fullFile": "",
              "file": "",
              "beforeHooks": [],
              "afterHooks": [],
              "tests": [
                {
                  "title": "Should display \"30+ Courses video library FREE ACCESS\"",
                  "fullTitle": "Way2Automation Tests Lifetime Membership Course Flow Should display \"30+ Courses video library FREE ACCESS\"",
                  "timedOut": null,
                  "duration": 5964,
                  "state": "passed",
                  "speed": "medium",
                  "pass": true,
                  "fail": false,
                  "pending": false,
                  "context": null,
                  "code": "cy.get('h2', {\n  timeout: 10000\n}).contains('30+ Courses video library FREE ACCESS').scrollIntoView().should('be.visible');\n_LifetimeMembership.LifetimeMember.slider().should('be.visible');",
                  "err": {},
                  "uuid": "dce1e979-a7b8-4143-a0ff-3cd2ce7e5112",
                  "parentUUID": "1158eb52-9833-4c01-ad7b-b202ad7adf80",
                  "isHook": false,
                  "skipped": false
                },
                {
                  "title": "Should navigate to Automation Architect course",
                  "fullTitle": "Way2Automation Tests Lifetime Membership Course Flow Should navigate to Automation Architect course",
                  "timedOut": null,
                  "duration": 3415,
                  "state": "failed",
                  "speed": null,
                  "pass": false,
                  "fail": true,
                  "pending": false,
                  "context": null,
                  "code": "(0, _Slider.clickUntilVisible)(\"Automation Architect Selenium with 7 live projects\");\n(0, _Slider.clickGetStarted)();\ncy.fixture('url').then(url => {\n  cy.verifyUrl(url.seleniumTutorial);\n});",
                  "err": {
                    "message": "TypeError: The following error originated from your application code, not from Cypress. It was caused by an unhandled promise rejection.\n\n  > Cannot read properties of null (reading 'postMessage')\n\nWhen Cypress detects uncaught errors originating from your application it will automatically fail the current test.\n\nThis behavior is configurable, and you can choose to turn this off by listening to the `uncaught:exception` event.\n\nhttps://on.cypress.io/uncaught-exception-from-application\n\nBecause this error occurred during a `after each` hook we are skipping the remaining tests in the current suite: `Way2Automation Tests`",
                    "estack": "TypeError: The following error originated from your application code, not from Cypress. It was caused by an unhandled promise rejection.\n\n  > Cannot read properties of null (reading 'postMessage')\n\nWhen Cypress detects uncaught errors originating from your application it will automatically fail the current test.\n\nThis behavior is configurable, and you can choose to turn this off by listening to the `uncaught:exception` event.\n\nhttps://on.cypress.io/uncaught-exception-from-application\n\nBecause this error occurred during a `after each` hook we are skipping the remaining tests in the current suite: `Way2Automation Tests`\n    at PrimaryOriginCommunicator.toSource (https://www.way2automation.com/__cypress/runner/cypress_runner.js:132919:12)\n    at PrimaryOriginCommunicator.<anonymous> (https://www.way2automation.com/__/assets/index.42de2a00.js:106493:43)",
                    "diff": null
                  },
                  "uuid": "7e424a33-605c-41d6-8674-18c6d0f9bcc3",
                  "parentUUID": "1158eb52-9833-4c01-ad7b-b202ad7adf80",
                  "isHook": false,
                  "skipped": false
                }
              ],
              "suites": [],
              "passes": [
                "dce1e979-a7b8-4143-a0ff-3cd2ce7e5112"
              ],
              "failures": [
                "7e424a33-605c-41d6-8674-18c6d0f9bcc3"
              ],
              "pending": [],
              "skipped": [],
              "duration": 9379,
              "root": false,
              "rootEmpty": false,
              "_timeout": 2000
            },
            {
              "uuid": "d53f9c04-c120-4457-864a-c2338d830044",
              "title": "Automation Architecture Selenium page test flow",
              "fullFile": "",
              "file": "",
              "beforeHooks": [],
              "afterHooks": [],
              "tests": [
                {
                  "title": "Should find the course \"CucumberParallelWithPageObjects - Project Code\" and click [Start]",
                  "fullTitle": "Way2Automation Tests Automation Architecture Selenium page test flow Should find the course \"CucumberParallelWithPageObjects - Project Code\" and click [Start]",
                  "timedOut": null,
                  "duration": 0,
                  "state": "skipped",
                  "speed": null,
                  "pass": false,
                  "fail": false,
                  "pending": false,
                  "context": null,
                  "code": "_SeleniumPage.Selenium.course().should('exist');\ncy.fixture('selenium').then(data => {\n  const cucumberCourse = data.course[0].cucumber;\n  (0, _selenium.searchCourse)(cucumberCourse).then(location => {\n    (0, _selenium.clickStartButton)(cucumberCourse, location);\n  });\n  _SeleniumPage.Cucumber.lectureHeading(cucumberCourse).should('be.visible');\n});",
                  "err": {},
                  "uuid": "f010b34a-42b8-480d-882c-5971835709a1",
                  "parentUUID": null,
                  "isHook": false,
                  "skipped": true
                },
                {
                  "title": "Should allow payment selection",
                  "fullTitle": "Way2Automation Tests Automation Architecture Selenium page test flow Should allow payment selection",
                  "timedOut": null,
                  "duration": 0,
                  "state": "skipped",
                  "speed": null,
                  "pass": false,
                  "fail": false,
                  "pending": false,
                  "context": null,
                  "code": "(0, _selenium.selectPayment)('USD');",
                  "err": {},
                  "uuid": "c6f7195e-e80d-4e85-ac03-f41ed732fd09",
                  "parentUUID": null,
                  "isHook": false,
                  "skipped": true
                },
                {
                  "title": "Should enroll in the course",
                  "fullTitle": "Way2Automation Tests Automation Architecture Selenium page test flow Should enroll in the course",
                  "timedOut": null,
                  "duration": 0,
                  "state": "skipped",
                  "speed": null,
                  "pass": false,
                  "fail": false,
                  "pending": false,
                  "context": null,
                  "code": "(0, _selenium.clickEnrollButton)();",
                  "err": {},
                  "uuid": "a647279a-d6c8-45e0-acbd-265031527a0f",
                  "parentUUID": null,
                  "isHook": false,
                  "skipped": true
                }
              ],
              "suites": [],
              "passes": [],
              "failures": [],
              "pending": [],
              "skipped": [
                "f010b34a-42b8-480d-882c-5971835709a1",
                "c6f7195e-e80d-4e85-ac03-f41ed732fd09",
                "a647279a-d6c8-45e0-acbd-265031527a0f"
              ],
              "duration": 0,
              "root": false,
              "rootEmpty": false,
              "_timeout": 2000
            }
          ],
          "passes": [],
          "failures": [],
          "pending": [],
          "skipped": [],
          "duration": 0,
          "root": false,
          "rootEmpty": false,
          "_timeout": 2000
        }
      ],
      "passes": [],
      "failures": [],
      "pending": [],
      "skipped": [],
      "duration": 0,
      "root": true,
      "rootEmpty": true,
      "_timeout": 2000
    }
  ],
  "meta": {
    "mocha": {
      "version": "7.0.1"
    },
    "mochawesome": {
      "options": {
        "quiet": false,
        "reportFilename": "mochawesome",
        "saveHtml": true,
        "saveJson": true,
        "consoleReporter": "spec",
        "useInlineDiffs": false,
        "code": true
      },
      "version": "7.1.3"
    },
    "marge": {
      "options": {
        "reportDir": "cypress/reports",
        "overwrite": false,
        "html": true,
        "json": true
      },
      "version": "6.2.0"
    }
  }
}