{
  "stats": {
    "suites": 0,
    "tests": 1,
    "passes": 0,
    "pending": 0,
    "failures": 1,
    "start": "2025-08-29T19:58:29.427Z",
    "end": "2025-08-29T19:58:29.650Z",
    "duration": 223,
    "testsRegistered": 1,
    "passPercent": 0,
    "pendingPercent": 0,
    "other": 0,
    "hasOther": false,
    "skipped": 0,
    "hasSkipped": false
  },
  "results": [
    {
      "uuid": "e4d685dd-9c13-46dd-ad07-4f291d78b190",
      "title": "",
      "fullFile": "cypress\\e2e\\way2Automation.spec.js",
      "file": "cypress\\e2e\\way2Automation.spec.js",
      "beforeHooks": [],
      "afterHooks": [],
      "tests": [
        {
          "title": "An uncaught error was detected outside of a test",
          "fullTitle": "An uncaught error was detected outside of a test",
          "timedOut": null,
          "duration": 207,
          "state": "failed",
          "speed": null,
          "pass": false,
          "fail": true,
          "pending": false,
          "context": null,
          "code": "throw err;",
          "err": {
            "message": "CypressError: The following error originated from your test code, not from Cypress.\n\n  > Cannot call `cy.reload()` outside a running test.\n\nThis usually happens when you accidentally write commands outside an `it(...)` test.\n\nIf that is the case, just move these commands inside an `it(...)` test.\n\nCheck your test file for errors.\n\nWhen Cypress detects uncaught errors originating from your test code it will automatically fail the current test.\n\nCypress could not associate this error to any specific test.\n\nWe dynamically generated a new test to display this failure.\n\nhttps://on.cypress.io/cannot-execute-commands-outside-test",
            "estack": "CypressError: The following error originated from your test code, not from Cypress.\n\n  > Cannot call `cy.reload()` outside a running test.\n\nThis usually happens when you accidentally write commands outside an `it(...)` test.\n\nIf that is the case, just move these commands inside an `it(...)` test.\n\nCheck your test file for errors.\n\nWhen Cypress detects uncaught errors originating from your test code it will automatically fail the current test.\n\nCypress could not associate this error to any specific test.\n\nWe dynamically generated a new test to display this failure.\n\nhttps://on.cypress.io/cannot-execute-commands-outside-test\n    at $Cy.ensureRunnable (https://www.way2automation.com/__cypress/runner/cypress_runner.js:147775:76)\n    at cy.<computed> [as reload] (https://www.way2automation.com/__cypress/runner/cypress_runner.js:157896:10)\n    at Object.create (https://www.way2automation.com/__cypress/runner/cypress_runner.js:103515:19)\n    at context.describe.context.context (https://www.way2automation.com/__cypress/runner/cypress_runner.js:103291:27)\n    at createRunnable (https://www.way2automation.com/__cypress/runner/cypress_runner.js:162838:31)\n    at <unknown> (https://www.way2automation.com/__cypress/runner/cypress_runner.js:162906:14)\n    at <unknown> (https://www.way2automation.com/__cypress/runner/cypress_runner.js:165963:23)\n    at tryCatcher (https://www.way2automation.com/__cypress/runner/cypress_runner.js:11327:23)\n    at Object.gotValue (https://www.way2automation.com/__cypress/runner/cypress_runner.js:10469:18)\n    at Object.gotAccum (https://www.way2automation.com/__cypress/runner/cypress_runner.js:10458:25)\n    at Object.tryCatcher (https://www.way2automation.com/__cypress/runner/cypress_runner.js:11327:23)\n    at Promise._settlePromiseFromHandler (https://www.way2automation.com/__cypress/runner/cypress_runner.js:9262:31)\n    at Promise._settlePromise (https://www.way2automation.com/__cypress/runner/cypress_runner.js:9319:18)\n    at Promise._settlePromise0 (https://www.way2automation.com/__cypress/runner/cypress_runner.js:9364:10)\n    at Promise._settlePromises (https://www.way2automation.com/__cypress/runner/cypress_runner.js:9444:18)\n    at _drainQueueStep (https://www.way2automation.com/__cypress/runner/cypress_runner.js:6034:12)\n    at _drainQueue (https://www.way2automation.com/__cypress/runner/cypress_runner.js:6027:9)\n    at ../../node_modules/bluebird/js/release/async.js.Async._drainQueues (https://www.way2automation.com/__cypress/runner/cypress_runner.js:6043:5)\n    at Async.drainQueues (https://www.way2automation.com/__cypress/runner/cypress_runner.js:5913:14)",
            "diff": null
          },
          "uuid": "76c06d60-0b14-4701-8495-706281f6afba",
          "parentUUID": "e4d685dd-9c13-46dd-ad07-4f291d78b190",
          "isHook": false,
          "skipped": false
        }
      ],
      "suites": [],
      "passes": [],
      "failures": [
        "76c06d60-0b14-4701-8495-706281f6afba"
      ],
      "pending": [],
      "skipped": [],
      "duration": 207,
      "root": true,
      "rootEmpty": false,
      "_timeout": 2000
    }
  ],
  "meta": {
    "mocha": {
      "version": "7.0.1"
    },
    "mochawesome": {
      "options": {
        "quiet": false,
        "reportFilename": "mochawesome",
        "saveHtml": true,
        "saveJson": true,
        "consoleReporter": "spec",
        "useInlineDiffs": false,
        "code": true
      },
      "version": "7.1.3"
    },
    "marge": {
      "options": {
        "reportDir": "cypress/reports",
        "overwrite": false,
        "html": true,
        "json": true
      },
      "version": "6.2.0"
    }
  }
}