{
  "stats": {
    "suites": 2,
    "tests": 2,
    "passes": 2,
    "pending": 0,
    "failures": 0,
    "start": "2025-08-28T04:25:57.106Z",
    "end": "2025-08-28T04:26:06.409Z",
    "duration": 9303,
    "testsRegistered": 2,
    "passPercent": 100,
    "pendingPercent": 0,
    "other": 0,
    "hasOther": false,
    "skipped": 0,
    "hasSkipped": false
  },
  "results": [
    {
      "uuid": "95c65593-0cf6-4553-8100-a7aa69170478",
      "title": "",
      "fullFile": "cypress\\e2e\\001_navigatePage.spec.js",
      "file": "cypress\\e2e\\001_navigatePage.spec.js",
      "beforeHooks": [],
      "afterHooks": [],
      "tests": [],
      "suites": [
        {
          "uuid": "d62f464f-bd09-4216-a74e-c7f9d89a057f",
          "title": "Way2Automation Demo Site",
          "fullFile": "",
          "file": "",
          "beforeHooks": [],
          "afterHooks": [],
          "tests": [
            {
              "title": "Navigate to the web page",
              "fullTitle": "Way2Automation Demo Site Navigate to the web page",
              "timedOut": null,
              "duration": 8304,
              "state": "passed",
              "speed": "medium",
              "pass": true,
              "fail": false,
              "pending": false,
              "context": null,
              "code": "cy.fixture('actionNames').as('actionNames');\n(0, _common.visitDemoHtml)();\ncy.contains('Test your Selenium / QTP Scripts').should('be.visible');",
              "err": {},
              "uuid": "c1300d54-470c-4eff-b511-23514d0f8531",
              "parentUUID": "d62f464f-bd09-4216-a74e-c7f9d89a057f",
              "isHook": false,
              "skipped": false
            }
          ],
          "suites": [],
          "passes": [
            "c1300d54-470c-4eff-b511-23514d0f8531"
          ],
          "failures": [],
          "pending": [],
          "skipped": [],
          "duration": 8304,
          "root": false,
          "rootEmpty": false,
          "_timeout": 2000
        },
        {
          "uuid": "1b05113d-0c18-4eeb-8c00-bd21ca2c4937",
          "title": "List Action Name category",
          "fullFile": "",
          "file": "",
          "beforeHooks": [],
          "afterHooks": [],
          "tests": [
            {
              "title": "should validate presence of each action name",
              "fullTitle": "List Action Name category should validate presence of each action name",
              "timedOut": null,
              "duration": 949,
              "state": "passed",
              "speed": "fast",
              "pass": true,
              "fail": false,
              "pending": false,
              "context": null,
              "code": "Object.entries(this.actionNames).forEach(([category, actions]) => {\n  cy.log(`Checking category: ${category}`);\n  actions.forEach(action => {\n    cy.contains(action, {\n      matchCase: false\n    }).should('exist');\n  });\n});",
              "err": {},
              "uuid": "3212a92a-6e00-451c-973f-29eebb8418fc",
              "parentUUID": "1b05113d-0c18-4eeb-8c00-bd21ca2c4937",
              "isHook": false,
              "skipped": false
            }
          ],
          "suites": [],
          "passes": [
            "3212a92a-6e00-451c-973f-29eebb8418fc"
          ],
          "failures": [],
          "pending": [],
          "skipped": [],
          "duration": 949,
          "root": false,
          "rootEmpty": false,
          "_timeout": 2000
        }
      ],
      "passes": [],
      "failures": [],
      "pending": [],
      "skipped": [],
      "duration": 0,
      "root": true,
      "rootEmpty": true,
      "_timeout": 2000
    }
  ],
  "meta": {
    "mocha": {
      "version": "7.0.1"
    },
    "mochawesome": {
      "options": {
        "quiet": false,
        "reportFilename": "mochawesome",
        "saveHtml": true,
        "saveJson": true,
        "consoleReporter": "spec",
        "useInlineDiffs": false,
        "code": true
      },
      "version": "7.1.3"
    },
    "marge": {
      "options": {
        "reportDir": "cypress/reports",
        "overwrite": false,
        "html": true,
        "json": true
      },
      "version": "6.2.0"
    }
  }
}