{
  "stats": {
    "suites": 1,
    "tests": 3,
    "passes": 3,
    "pending": 0,
    "failures": 0,
    "start": "2025-08-28T04:26:07.770Z",
    "end": "2025-08-28T04:27:13.486Z",
    "duration": 65716,
    "testsRegistered": 3,
    "passPercent": 100,
    "pendingPercent": 0,
    "other": 0,
    "hasOther": false,
    "skipped": 0,
    "hasSkipped": false
  },
  "results": [
    {
      "uuid": "1291b0a1-f4a4-4b03-a66c-f7cf90f62bcf",
      "title": "",
      "fullFile": "cypress\\e2e\\002_retrieveUrl.spec.js",
      "file": "cypress\\e2e\\002_retrieveUrl.spec.js",
      "beforeHooks": [],
      "afterHooks": [],
      "tests": [],
      "suites": [
        {
          "uuid": "bdd31985-b06c-44dc-9b3a-429869f2aa6d",
          "title": "Retrieve and Visit URL, Fill out Registration Form and Click [EXPLORE LIFETIME MEMBERSHIP LINK]",
          "fullFile": "",
          "file": "",
          "beforeHooks": [],
          "afterHooks": [],
          "tests": [
            {
              "title": "should click the [EXPLORE LIFETIME MEMBERSHIP LINK]",
              "fullTitle": "Retrieve and Visit URL, Fill out Registration Form and Click [EXPLORE LIFETIME MEMBERSHIP LINK] should click the [EXPLORE LIFETIME MEMBERSHIP LINK]",
              "timedOut": null,
              "duration": 15445,
              "state": "passed",
              "speed": "slow",
              "pass": true,
              "fail": false,
              "pending": false,
              "context": null,
              "code": "(0, _common.visitDemoHtml)();\n_LandingPage.dynamicComponents.submitBtn().should('exist').should('have.attr', 'href').then(href => {\n  const targetUrl = href;\n  /**URL retrieved in [Submit Button Clicked] event */\n  cy.log('Target URL:', targetUrl);\n  /** Visit the target URL */\n  cy.visit(targetUrl, () => {\n    cy.get('#load_box').should('be.visible');\n    /**Click the [EXPLORE LIFETIME MEMBERSHIP LINK] event */\n    cy.contains('a.fancybox', 'EXPLORE LIFETIME MEMBERSHIP').click({\n      force: true\n    });\n  });\n});",
              "err": {},
              "uuid": "e7c02129-c2bf-47ee-9039-73937bb9fac1",
              "parentUUID": "bdd31985-b06c-44dc-9b3a-429869f2aa6d",
              "isHook": false,
              "skipped": false
            },
            {
              "title": "should fill out the dummy registration form by using an email from getnada.com",
              "fullTitle": "Retrieve and Visit URL, Fill out Registration Form and Click [EXPLORE LIFETIME MEMBERSHIP LINK] should fill out the dummy registration form by using an email from getnada.com",
              "timedOut": null,
              "duration": 27524,
              "state": "passed",
              "speed": "slow",
              "pass": true,
              "fail": false,
              "pending": false,
              "context": null,
              "code": "_InboxPage.getnada.visit();\n_InboxPage.getnada.getInboxBtn().click();\n_InboxPage.getnada.getChooseForMeBtn().click();\ncy.wait(5000);\n_InboxPage.getnada.getTempEmail().invoke('text').then(emailText => {\n  const tempEmail = emailText.trim();\n  cy.log(`Used Getnada email: ${tempEmail}`);\n  cy.origin('https://way2automation.com', {\n    args: {\n      tempEmail\n    }\n  }, args => {\n    const {\n      tempEmail\n    } = args;\n    cy.fixture('registrationTestData').then(data => {\n      cy.visit('/way2auto_jquery/index.php');\n      cy.get('#load_box', {\n        timeout: 8000\n      }).should('be.visible');\n      /** Fill out the registration form */\n      cy.get('input[name=\"name\"]').type(data.name);\n      cy.get('input[name=\"phone\"]').type(data.phone);\n      cy.get('input[name=\"email\"]').type(tempEmail);\n      cy.get('select[name=\"country\"]').select(data.country);\n      cy.get('input[name=\"city\"]').type(data.city);\n      cy.get('input[name=\"username\"]').eq(1).type(data.username);\n      cy.get('input[name=\"password\"]').eq(1).type(data.password);\n    });\n  });\n});",
              "err": {},
              "uuid": "36d57c8d-25b5-4dab-bccc-3c0ff08e56f2",
              "parentUUID": "bdd31985-b06c-44dc-9b3a-429869f2aa6d",
              "isHook": false,
              "skipped": false
            },
            {
              "title": "should be able to scroll into \"30+ Courses video library FREE ACCESS\"",
              "fullTitle": "Retrieve and Visit URL, Fill out Registration Form and Click [EXPLORE LIFETIME MEMBERSHIP LINK] should be able to scroll into \"30+ Courses video library FREE ACCESS\"",
              "timedOut": null,
              "duration": 11713,
              "state": "passed",
              "speed": "slow",
              "pass": true,
              "fail": false,
              "pending": false,
              "context": null,
              "code": "_RegistrationPage.RegistrationPage.visit();\ncy.contains('a.fancybox', 'EXPLORE LIFETIME MEMBERSHIP').then($a => {\n  const newUrl = $a.prop('href');\n  cy.visit(newUrl); // Direct visit, no cy.origin needed\n  cy.get('h2', {\n    timeout: 10000\n  }).contains('30+ Courses video library FREE ACCESS').scrollIntoView().should('be.visible');\n});",
              "err": {},
              "uuid": "2542bbd2-c6ec-46ee-87e2-c6e2c667dbe6",
              "parentUUID": "bdd31985-b06c-44dc-9b3a-429869f2aa6d",
              "isHook": false,
              "skipped": false
            }
          ],
          "suites": [],
          "passes": [
            "e7c02129-c2bf-47ee-9039-73937bb9fac1",
            "36d57c8d-25b5-4dab-bccc-3c0ff08e56f2",
            "2542bbd2-c6ec-46ee-87e2-c6e2c667dbe6"
          ],
          "failures": [],
          "pending": [],
          "skipped": [],
          "duration": 54682,
          "root": false,
          "rootEmpty": false,
          "_timeout": 2000
        }
      ],
      "passes": [],
      "failures": [],
      "pending": [],
      "skipped": [],
      "duration": 0,
      "root": true,
      "rootEmpty": true,
      "_timeout": 2000
    }
  ],
  "meta": {
    "mocha": {
      "version": "7.0.1"
    },
    "mochawesome": {
      "options": {
        "quiet": false,
        "reportFilename": "mochawesome",
        "saveHtml": true,
        "saveJson": true,
        "consoleReporter": "spec",
        "useInlineDiffs": false,
        "code": true
      },
      "version": "7.1.3"
    },
    "marge": {
      "options": {
        "reportDir": "cypress/reports",
        "overwrite": false,
        "html": true,
        "json": true
      },
      "version": "6.2.0"
    }
  }
}